2024-02-15 20:28:47 -  - exec CUpdateClientPartner::__CollectRequestData
2024-02-15 20:28:47 -  - exec CUpdateClientPartner::GetHTTPPage
2024-02-15 20:28:48 -  - exec CUpdateClientPartner::ParseServerData
2024-02-15 20:28:48 -  - exec CUpdateClientPartner::GetUpdatesList
2024-02-15 20:28:48 -  - exec CUpdateClientPartner::__CollectRequestData
2024-02-15 20:28:48 -  - utf=Y&lang=ru&stable=Y&CANGZIP=Y&SUPD_DBS=MYSQL&XE=N&CLIENT_SITE=bitrtrix&LICENSE_KEY=X&SUPD_STS=1&SUPD_URS=1&TYPENC=D&CLIENT_PHPVER=8.1.9&NGINX=Y&dbv=8.0.32&instm=main%2C23.300.100%2CY%3Bb24connector%2C22.0.0%2CN%3Bbitrix.sitecorporate%2C15.5.0%2CN%3Bbitrixcloud%2C22.100.0%2CN%3Bclouds%2C23.0.0%2CN%3Bfileman%2C22.300.0%2CN%3Bhighloadblock%2C22.200.0%2CN%3Biblock%2C23.100.0%2CN%3Blanding%2C23.600.150%2CN%3Blocation%2C23.0.0%2CN%3Bmessageservice%2C23.0.0%2CN%3Bperfmon%2C21.0.0%2CN%3Brest%2C23.100.0%2CN%3Bsearch%2C22.100.0%2CN%3Bseo%2C23.200.0%2CN%3Bsocialservices%2C22.200.400%2CN%3Btranslate%2C23.200.0%2CN%3Bui%2C22.1600.0%2CN&reqm=bitrix.sitecorporate&fullmoduleinfo=Y&SUPD_SRS=RU&SUPD_CMP=N
2024-02-15 20:28:48 -  - exec CUpdateClientPartner::GetHTTPPage
2024-02-15 20:28:48 -  - TIME GetUpdatesList(request) 0.172 sec
2024-02-15 20:28:48 -  - exec CUpdateClientPartner::ParseServerData
2024-02-15 20:28:48 -  - exec CUpdateClientPartner::__CollectRequestData
2024-02-15 20:28:48 -  - exec CUpdateClientPartner::GetHTTPPage
2024-02-15 20:28:48 -  - exec CUpdateClientPartner::ParseServerData
2024-02-16 20:28:50 -  - exec CUpdateClientPartner::__CollectRequestData
2024-02-16 20:28:50 -  - exec CUpdateClientPartner::GetHTTPPage
2024-02-16 20:28:51 -  - exec CUpdateClientPartner::ParseServerData
2024-02-16 20:28:51 -  - exec CUpdateClientPartner::GetUpdatesList
2024-02-16 20:28:51 -  - exec CUpdateClientPartner::__CollectRequestData
2024-02-16 20:28:51 -  - utf=Y&lang=ru&stable=Y&CANGZIP=Y&SUPD_DBS=MYSQL&XE=N&CLIENT_SITE=bitrtrix&LICENSE_KEY=X&SUPD_STS=1&SUPD_URS=1&TYPENC=D&CLIENT_PHPVER=8.1.9&NGINX=Y&dbv=8.0.32&instm=main%2C23.300.100%2CY%3Bb24connector%2C22.0.0%2CN%3Bbitrix.sitecorporate%2C15.5.0%2CN%3Bbitrixcloud%2C22.100.0%2CN%3Bclouds%2C23.0.0%2CN%3Bfileman%2C22.300.0%2CN%3Bhighloadblock%2C22.200.0%2CN%3Biblock%2C23.100.0%2CN%3Blanding%2C23.600.150%2CN%3Blocation%2C23.0.0%2CN%3Bmessageservice%2C23.0.0%2CN%3Bperfmon%2C21.0.0%2CN%3Brest%2C23.100.0%2CN%3Bsearch%2C22.100.0%2CN%3Bseo%2C23.200.0%2CN%3Bsocialservices%2C22.200.400%2CN%3Btranslate%2C23.200.0%2CN%3Bui%2C22.1600.0%2CN&reqm=bitrix.sitecorporate&fullmoduleinfo=Y&SUPD_SRS=RU&SUPD_CMP=N
2024-02-16 20:28:51 -  - exec CUpdateClientPartner::GetHTTPPage
2024-02-16 20:28:51 -  - TIME GetUpdatesList(request) 0.146 sec
2024-02-16 20:28:51 -  - exec CUpdateClientPartner::ParseServerData
2024-02-16 20:28:51 -  - exec CUpdateClientPartner::__CollectRequestData
2024-02-16 20:28:51 -  - exec CUpdateClientPartner::GetHTTPPage
2024-02-16 20:28:51 -  - exec CUpdateClientPartner::ParseServerData
2024-02-16 20:28:52 -  - exec CUpdateClientPartner::__CollectRequestData
2024-02-16 20:28:52 -  - exec CUpdateClientPartner::GetHTTPPage
2024-02-16 20:28:52 -  - exec CUpdateClientPartner::ParseServerData
2024-02-16 20:28:52 -  - exec CUpdateClientPartner::GetUpdatesList
2024-02-16 20:28:52 -  - exec CUpdateClientPartner::__CollectRequestData
2024-02-16 20:28:52 -  - utf=Y&lang=ru&stable=Y&CANGZIP=Y&SUPD_DBS=MYSQL&XE=N&CLIENT_SITE=bitrtrix&LICENSE_KEY=X&SUPD_STS=1&SUPD_URS=1&TYPENC=D&CLIENT_PHPVER=8.1.9&NGINX=Y&dbv=8.0.32&instm=main%2C23.300.100%2CY%3Bb24connector%2C22.0.0%2CN%3Bbitrix.sitecorporate%2C15.5.0%2CN%3Bbitrixcloud%2C22.100.0%2CN%3Bclouds%2C23.0.0%2CN%3Bfileman%2C22.300.0%2CN%3Bhighloadblock%2C22.200.0%2CN%3Biblock%2C23.100.0%2CN%3Blanding%2C23.600.150%2CN%3Blocation%2C23.0.0%2CN%3Bmessageservice%2C23.0.0%2CN%3Bperfmon%2C21.0.0%2CN%3Brest%2C23.100.0%2CN%3Bsearch%2C22.100.0%2CN%3Bseo%2C23.200.0%2CN%3Bsocialservices%2C22.200.400%2CN%3Btranslate%2C23.200.0%2CN%3Bui%2C22.1600.0%2CN&reqm=bitrix.sitecorporate&fullmoduleinfo=Y&SUPD_SRS=RU&SUPD_CMP=N
2024-02-16 20:28:52 -  - exec CUpdateClientPartner::GetHTTPPage
2024-02-16 20:28:52 -  - TIME GetUpdatesList(request) 0.13 sec
2024-02-16 20:28:52 -  - exec CUpdateClientPartner::ParseServerData
2024-02-16 20:28:52 -  - exec CUpdateClientPartner::__CollectRequestData
2024-02-16 20:28:52 -  - exec CUpdateClientPartner::GetHTTPPage
2024-02-16 20:28:52 -  - exec CUpdateClientPartner::ParseServerData
